TN:
SF:composables/useChartData.ts
FN:4,periodLabel
FN:31,buildChartData
FN:33,(anonymous_2)
FN:52,(anonymous_3)
FN:62,(anonymous_4)
FN:74,(anonymous_5)
FN:84,(anonymous_6)
FN:88,(anonymous_7)
FNF:8
FNH:6
FNDA:153,periodLabel
FNDA:12,buildChartData
FNDA:4,(anonymous_2)
FNDA:32,(anonymous_3)
FNDA:48,(anonymous_4)
FNDA:23,(anonymous_5)
FNDA:0,(anonymous_6)
FNDA:0,(anonymous_7)
DA:5,153
DA:6,127
DA:15,1
DA:32,12
DA:33,4
DA:36,12
DA:37,1
DA:40,11
DA:41,11
DA:43,12
DA:45,12
DA:46,12
DA:47,12
DA:48,12
DA:50,12
DA:51,43
DA:52,32
DA:56,24
DA:57,24
DA:58,24
DA:61,24
DA:62,48
DA:67,24
DA:68,24
DA:69,24
DA:70,24
DA:72,19
DA:74,23
DA:76,19
DA:77,19
DA:81,11
DA:84,1
DA:85,0
DA:86,0
DA:88,0
DA:89,0
DA:90,0
DA:93,0
LF:38
LH:32
BRDA:5,0,0,26
BRDA:5,0,1,127
BRDA:5,1,0,153
BRDA:5,1,1,128
BRDA:32,2,0,1
BRDA:32,2,1,11
BRDA:36,3,0,1
BRDA:36,3,1,11
BRDA:36,4,0,12
BRDA:36,4,1,12
BRDA:41,5,0,11
BRDA:41,5,1,6
BRDA:51,6,0,24
BRDA:51,6,1,19
BRDA:57,7,0,24
BRDA:57,7,1,0
BRDA:90,8,0,0
BRDA:90,8,1,0
BRF:18
BRH:15
end_of_record
TN:
SF:composables/useExcelExport.ts
FN:3,(anonymous_0)
FN:4,exportToExcel
FN:17,(anonymous_2)
FNF:3
FNH:0
FNDA:0,(anonymous_0)
FNDA:0,exportToExcel
FNDA:0,(anonymous_2)
DA:3,0
DA:9,0
DA:11,0
DA:13,0
DA:17,0
DA:18,0
DA:19,0
DA:20,0
DA:22,0
DA:25,0
DA:26,0
DA:27,0
DA:29,0
DA:32,0
LF:14
LH:0
BRDA:9,0,0,0
BRDA:9,0,1,0
BRDA:13,1,0,0
BRDA:13,1,1,0
BRDA:18,2,0,0
BRDA:18,2,1,0
BRDA:19,3,0,0
BRDA:19,3,1,0
BRF:8
BRH:0
end_of_record
TN:
SF:composables/useFinancialData.ts
FN:5,filterReportsByRange
FN:12,(anonymous_1)
FN:15,(anonymous_2)
FN:17,(anonymous_3)
FN:20,(anonymous_4)
FN:24,(anonymous_5)
FNF:6
FNH:2
FNDA:8,filterReportsByRange
FNDA:25,(anonymous_1)
FNDA:0,(anonymous_2)
FNDA:0,(anonymous_3)
FNDA:0,(anonymous_4)
FNDA:0,(anonymous_5)
DA:10,8
DA:11,6
DA:12,25
DA:15,1
DA:16,0
DA:17,0
DA:19,0
DA:20,0
DA:24,0
DA:25,0
DA:26,0
DA:29,0
LF:12
LH:4
BRDA:8,0,0,8
BRDA:10,1,0,2
BRDA:10,1,1,6
BRDA:20,2,0,0
BRDA:20,2,1,0
BRDA:25,3,0,0
BRDA:25,3,1,0
BRF:7
BRH:3
end_of_record
TN:
SF:composables/useSelectedStock.ts
FN:3,(anonymous_0)
FN:4,(anonymous_1)
FN:6,setStock
FNF:3
FNH:0
FNDA:0,(anonymous_0)
FNDA:0,(anonymous_1)
FNDA:0,setStock
DA:3,0
DA:4,0
DA:7,0
DA:10,0
LF:4
LH:0
BRF:0
BRH:0
end_of_record
TN:
SF:composables/useStockList.ts
FN:3,filterStocks
FN:6,(anonymous_1)
FN:11,(anonymous_2)
FN:16,(anonymous_3)
FNF:4
FNH:2
FNDA:12,filterStocks
FNDA:27,(anonymous_1)
FNDA:0,(anonymous_2)
FNDA:0,(anonymous_3)
DA:4,12
DA:5,12
DA:6,10
DA:7,27
DA:11,1
DA:12,0
DA:14,0
DA:16,0
DA:17,0
DA:18,0
DA:21,0
LF:11
LH:5
BRDA:5,0,0,2
BRDA:5,0,1,10
BRDA:7,1,0,27
BRDA:7,1,1,21
BRDA:17,2,0,0
BRDA:17,2,1,0
BRF:6
BRH:4
end_of_record
TN:
SF:server/services/finmind.ts
FN:6,delay
FN:7,(anonymous_1)
FN:10,fetchTW50List
FN:21,(anonymous_3)
FN:32,fetchQuarterlyFinancials
FN:36,(anonymous_5)
FN:59,parseFinancialRows
FN:112,(anonymous_7)
FNF:8
FNH:2
FNDA:0,delay
FNDA:0,(anonymous_1)
FNDA:0,fetchTW50List
FNDA:0,(anonymous_3)
FNDA:0,fetchQuarterlyFinancials
FNDA:0,(anonymous_5)
FNDA:11,parseFinancialRows
FNDA:11,(anonymous_7)
DA:4,2
DA:7,0
DA:11,0
DA:12,0
DA:13,0
DA:15,0
DA:16,0
DA:18,0
DA:19,0
DA:21,0
DA:36,0
DA:37,0
DA:38,0
DA:39,0
DA:42,0
DA:43,0
DA:44,0
DA:45,0
DA:46,0
DA:48,0
DA:50,0
DA:51,0
DA:53,0
DA:54,0
DA:56,0
DA:61,11
DA:71,11
DA:72,28
DA:73,28
DA:74,28
DA:76,28
DA:78,28
DA:79,1
DA:80,1
DA:81,27
DA:82,19
DA:83,8
DA:84,2
DA:85,6
DA:86,2
DA:87,4
DA:88,3
DA:90,1
DA:93,27
DA:94,27
DA:95,18
DA:98,27
DA:99,27
DA:101,27
DA:102,17
DA:103,10
DA:104,3
DA:105,7
DA:106,3
DA:107,4
DA:108,4
DA:112,11
DA:113,11
LF:58
LH:34
BRDA:16,0,0,0
BRDA:16,0,1,0
BRDA:19,1,0,0
BRDA:19,1,1,0
BRDA:21,2,0,0
BRDA:21,2,1,0
BRDA:51,3,0,0
BRDA:51,3,1,0
BRDA:54,4,0,0
BRDA:54,4,1,0
BRDA:78,5,0,1
BRDA:78,5,1,27
BRDA:81,6,0,19
BRDA:81,6,1,8
BRDA:81,7,0,27
BRDA:81,7,1,9
BRDA:83,8,0,2
BRDA:83,8,1,6
BRDA:83,9,0,8
BRDA:83,9,1,7
BRDA:85,10,0,2
BRDA:85,10,1,4
BRDA:85,11,0,6
BRDA:85,11,1,5
BRDA:87,12,0,3
BRDA:87,12,1,1
BRDA:87,13,0,4
BRDA:87,13,1,2
BRDA:94,14,0,18
BRDA:94,14,1,9
BRDA:101,15,0,17
BRDA:101,15,1,10
BRDA:101,16,0,27
BRDA:101,16,1,11
BRDA:101,16,2,10
BRDA:103,17,0,3
BRDA:103,17,1,7
BRDA:103,18,0,10
BRDA:103,18,1,8
BRDA:105,19,0,3
BRDA:105,19,1,4
BRDA:105,20,0,7
BRDA:105,20,1,6
BRDA:105,20,2,5
BRDA:107,21,0,4
BRDA:107,21,1,0
BRDA:107,22,0,4
BRDA:107,22,1,1
BRDA:113,23,0,4
BRDA:113,23,1,7
BRF:50
BRH:39
end_of_record
TN:
SF:server/utils/syncEngine.ts
FN:8,isFinancialIndustry
FN:10,(anonymous_1)
FN:13,runSync
FN:26,(anonymous_3)
FN:45,(anonymous_4)
FNF:5
FNH:2
FNDA:25,isFinancialIndustry
FNDA:109,(anonymous_1)
FNDA:0,runSync
FNDA:0,(anonymous_3)
FNDA:0,(anonymous_4)
DA:6,1
DA:9,25
DA:10,109
DA:14,0
DA:15,0
DA:16,0
DA:17,0
DA:19,0
DA:21,0
DA:23,0
DA:26,0
DA:32,0
DA:36,0
DA:39,0
DA:40,0
DA:41,0
DA:43,0
DA:45,0
DA:47,0
DA:51,0
DA:52,0
DA:54,0
DA:57,0
DA:62,0
DA:68,0
DA:70,0
DA:72,0
DA:78,0
LF:28
LH:3
BRDA:29,0,0,0
BRDA:29,0,1,0
BRDA:36,1,0,0
BRDA:36,1,1,0
BRDA:43,2,0,0
BRDA:43,2,1,0
BRDA:51,3,0,0
BRDA:51,3,1,0
BRDA:70,4,0,0
BRDA:70,4,1,0
BRF:10
BRH:0
end_of_record
